#
# There is insufficient memory for the Java Runtime Environment to continue.
# Native memory allocation (mmap) failed to map 15728640 bytes for G1 virtual space
# Possible reasons:
#   The system is out of physical RAM or swap space
#   The process is running with CompressedOops enabled, and the Java Heap may be blocking the growth of the native heap
# Possible solutions:
#   Reduce memory load on the system
#   Increase physical memory or swap space
#   Check if swap backing store is full
#   Decrease Java heap size (-Xmx/-Xms)
#   Decrease number of Java threads
#   Decrease Java thread stack sizes (-Xss)
#   Set larger code cache with -XX:ReservedCodeCacheSize=
#   JVM is running with Unscaled Compressed Oops mode in which the Java heap is
#     placed in the first 4GB address space. The Java Heap base address is the
#     maximum limit for the native heap growth. Please use -XX:HeapBaseMinAddress
#     to set the Java Heap base and to place the Java Heap above 4GB virtual address.
# This output file may be truncated or incomplete.
#
#  Out of Memory Error (os_windows.cpp:3541), pid=18832, tid=17740
#
# JRE version: OpenJDK Runtime Environment Temurin-17.0.4+8 (17.0.4+8) (build 17.0.4+8)
# Java VM: OpenJDK 64-Bit Server VM Temurin-17.0.4+8 (17.0.4+8, mixed mode, tiered, compressed oops, compressed class ptrs, g1 gc, windows-amd64)
# No core dump will be written. Minidumps are not enabled by default on client versions of Windows
#

---------------  S U M M A R Y ------------

Command Line: -ea -Dfile.encoding=UTF-8 -XX:+ShowCodeDetailsInExceptionMessages org.testng.remote.RemoteTestNG -serport 65479 -protocol json -d E:\nandhu_project\Class_Programs\test-output E:\nandhu_project\Class_Programs\Listener_testng.xml

Host: Intel(R) Core(TM) i3-7020U CPU @ 2.30GHz, 4 cores, 3G,  Windows 10 , 64 bit Build 19041 (10.0.19041.2546)
Time: Fri Feb  3 06:15:33 2023 India Standard Time elapsed time: 22.748138 seconds (0d 0h 0m 22s)

---------------  T H R E A D  ---------------

Current thread (0x00000234daf25300):  VMThread "VM Thread" [stack: 0x000000788cd00000,0x000000788ce00000] [id=17740]

Stack: [0x000000788cd00000,0x000000788ce00000]
Native frames: (J=compiled Java code, j=interpreted, Vv=VM code, C=native code)
V  [jvm.dll+0x67733a]
V  [jvm.dll+0x8323c4]
V  [jvm.dll+0x833b6e]
V  [jvm.dll+0x8341d3]
V  [jvm.dll+0x2455e5]
V  [jvm.dll+0x674229]
V  [jvm.dll+0x668ab2]
V  [jvm.dll+0x30458b]
V  [jvm.dll+0x30bad6]
V  [jvm.dll+0x35ba7e]
V  [jvm.dll+0x35bcaf]
V  [jvm.dll+0x2db428]
V  [jvm.dll+0x2de4b6]
V  [jvm.dll+0x2e8b78]
V  [jvm.dll+0x31ce20]
V  [jvm.dll+0x83867b]
V  [jvm.dll+0x8393b4]
V  [jvm.dll+0x8398cc]
V  [jvm.dll+0x839ca4]
V  [jvm.dll+0x839d70]
V  [jvm.dll+0x7e245a]
V  [jvm.dll+0x6761c5]
C  [ucrtbase.dll+0x21bb2]
C  [KERNEL32.DLL+0x17614]
C  [ntdll.dll+0x526a1]

VM_Operation (0x000000788c9ffa90): G1Concurrent, mode: safepoint, requested by thread 0x00000234daea6e30


---------------  P R O C E S S  ---------------

Threads class SMR info:
_java_thread_list=0x00000234f499eec0, length=24, elements={
0x00000234dae60270, 0x00000234daf2dbd0, 0x00000234f3e08ef0, 0x00000234f3e59760,
0x00000234f3e6b570, 0x00000234f3e6e810, 0x00000234f3e6e340, 0x00000234f3e7bc30,
0x00000234f4808070, 0x00000234f3eade00, 0x00000234f3e6fb50, 0x00000234f3e6c660,
0x00000234f3e6c190, 0x00000234f3e6f680, 0x00000234f3e6cb30, 0x00000234f3e6d000,
0x00000234f3e6d4d0, 0x00000234f3e6d9a0, 0x00000234f3e6f1b0, 0x00000234f55b9d00,
0x00000234f55bc850, 0x00000234f55beed0, 0x00000234f55bc380, 0x00000234f55bf3a0
}

Java Threads: ( => current thread )
  0x00000234dae60270 JavaThread "Forwarding get on session fa176d4d4b6ce8756660e9a09fb23438 to remote" [_thread_blocked, id=9504, stack(0x000000788c700000,0x000000788c800000)]
  0x00000234daf2dbd0 JavaThread "Reference Handler" daemon [_thread_blocked, id=16292, stack(0x000000788ce00000,0x000000788cf00000)]
  0x00000234f3e08ef0 JavaThread "Finalizer" daemon [_thread_blocked, id=17252, stack(0x000000788cf00000,0x000000788d000000)]
  0x00000234f3e59760 JavaThread "Signal Dispatcher" daemon [_thread_blocked, id=12952, stack(0x000000788d000000,0x000000788d100000)]
  0x00000234f3e6b570 JavaThread "Attach Listener" daemon [_thread_blocked, id=3656, stack(0x000000788d100000,0x000000788d200000)]
  0x00000234f3e6e810 JavaThread "Service Thread" daemon [_thread_blocked, id=18612, stack(0x000000788d200000,0x000000788d300000)]
  0x00000234f3e6e340 JavaThread "Monitor Deflation Thread" daemon [_thread_blocked, id=15192, stack(0x000000788d300000,0x000000788d400000)]
  0x00000234f3e7bc30 JavaThread "C2 CompilerThread0" daemon [_thread_blocked, id=4340, stack(0x000000788d400000,0x000000788d500000)]
  0x00000234f4808070 JavaThread "C1 CompilerThread0" daemon [_thread_blocked, id=17664, stack(0x000000788d500000,0x000000788d600000)]
  0x00000234f3eade00 JavaThread "Sweeper thread" daemon [_thread_blocked, id=15712, stack(0x000000788d600000,0x000000788d700000)]
  0x00000234f3e6fb50 JavaThread "Notification Thread" daemon [_thread_blocked, id=9592, stack(0x000000788d700000,0x000000788d800000)]
  0x00000234f3e6c660 JavaThread "Common-Cleaner" daemon [_thread_blocked, id=19148, stack(0x000000788d900000,0x000000788da00000)]
  0x00000234f3e6c190 JavaThread "ReaderThread" [_thread_in_native, id=6664, stack(0x000000788db00000,0x000000788dc00000)]
  0x00000234f3e6f680 JavaThread "ForkJoinPool.commonPool-worker-1" daemon [_thread_blocked, id=16716, stack(0x000000788df00000,0x000000788e000000)]
  0x00000234f3e6cb30 JavaThread "AsyncHttpClient-1-1" daemon [_thread_blocked, id=19100, stack(0x000000788e000000,0x000000788e100000)]
  0x00000234f3e6d000 JavaThread "Exec Default Executor" daemon [_thread_in_native, id=16756, stack(0x000000788e100000,0x000000788e200000)]
  0x00000234f3e6d4d0 JavaThread "Driver Service Executor" daemon [_thread_blocked, id=2708, stack(0x000000788e200000,0x000000788e300000)]
  0x00000234f3e6d9a0 JavaThread "Driver Service Executor" daemon [_thread_blocked, id=16848, stack(0x000000788e300000,0x000000788e400000)]
  0x00000234f3e6f1b0 JavaThread "UrlChecker-2" daemon [_thread_blocked, id=19116, stack(0x000000788e400000,0x000000788e500000)]
  0x00000234f55b9d00 JavaThread "Exec Stream Pumper" daemon [_thread_in_native, id=14468, stack(0x000000788e500000,0x000000788e600000)]
  0x00000234f55bc850 JavaThread "Exec Stream Pumper" daemon [_thread_in_native, id=11308, stack(0x000000788e600000,0x000000788e700000)]
  0x00000234f55beed0 JavaThread "AsyncHttpClient-1-2" daemon [_thread_in_native, id=17932, stack(0x000000788e800000,0x000000788e900000)]
  0x00000234f55bc380 JavaThread "AsyncHttpClient-1-3" daemon [_thread_in_native, id=18664, stack(0x000000788e700000,0x000000788e800000)]
  0x00000234f55bf3a0 JavaThread "AsyncHttpClient-1-4" daemon [_thread_in_native, id=18552, stack(0x000000788e900000,0x000000788ea00000)]

Other Threads:
=>0x00000234daf25300 VMThread "VM Thread" [stack: 0x000000788cd00000,0x000000788ce00000] [id=17740]
  0x00000234f3e0c810 WatcherThread [stack: 0x000000788d800000,0x000000788d900000] [id=17392]
  0x00000234dae9c6b0 GCTaskThread "GC Thread#0" [stack: 0x000000788c800000,0x000000788c900000] [id=18452]
  0x00000234f543a8c0 GCTaskThread "GC Thread#1" [stack: 0x000000788dc00000,0x000000788dd00000] [id=18104]
  0x00000234f522cb90 GCTaskThread "GC Thread#2" [stack: 0x000000788dd00000,0x000000788de00000] [id=3748]
  0x00000234f4e60ab0 GCTaskThread "GC Thread#3" [stack: 0x000000788de00000,0x000000788df00000] [id=15428]
  0x00000234daea6e30 ConcurrentGCThread "G1 Main Marker" [stack: 0x000000788c900000,0x000000788ca00000] [id=1636]
  0x00000234daea7840 ConcurrentGCThread "G1 Conc#0" [stack: 0x000000788ca00000,0x000000788cb00000] [id=17192]
  0x00000234daef6930 ConcurrentGCThread "G1 Refine#0" [stack: 0x000000788cb00000,0x000000788cc00000] [id=14840]
  0x00000234daefa720 ConcurrentGCThread "G1 Service" [stack: 0x000000788cc00000,0x000000788cd00000] [id=8200]

Threads with active compile tasks:
C2 CompilerThread0    22935 1993       4       sun.net.www.protocol.file.Handler::parseURL (18 bytes)

VM state: at safepoint (normal execution)

VM Mutex/Monitor currently owned by a thread:  ([mutex/lock_event])
[0x00000234dae5a8a0] Threads_lock - owner thread: 0x00000234daf25300
[0x00000234dae5a660] Heap_lock - owner thread: 0x00000234daea6e30

Heap address: 0x00000000c1c00000, size: 996 MB, Compressed Oops mode: 32-bit

CDS archive(s) not mapped
Compressed class space mapped at: 0x0000000100000000-0x0000000140000000, reserved size: 1073741824
Narrow klass base: 0x0000000000000000, Narrow klass shift: 3, Narrow klass range: 0x140000000

GC Precious Log:
 CPUs: 4 total, 4 available
 Memory: 3978M
 Large Page Support: Disabled
 NUMA Support: Disabled
 Compressed Oops: Enabled (32-bit)
 Heap Region Size: 1M
 Heap Min Capacity: 8M
 Heap Initial Capacity: 64M
 Heap Max Capacity: 996M
 Pre-touch: Disabled
 Parallel Workers: 4
 Concurrent Workers: 1
 Concurrent Refinement Workers: 4
 Periodic GC: Disabled

Heap:
 garbage-first heap   total 40960K, used 30956K [0x00000000c1c00000, 0x0000000100000000)
  region size 1024K, 2 young (2048K), 1 survivors (1024K)
 Metaspace       used 30228K, committed 30464K, reserved 1081344K
  class space    used 3468K, committed 3584K, reserved 1048576K

Heap Regions: E=young(eden), S=young(survivor), O=old, HS=humongous(starts), HC=humongous(continues), CS=collection set, F=free, OA=open archive, CA=closed archive, TAMS=top-at-mark-start (previous, next)
|   0|0x00000000c1c00000, 0x00000000c1d00000, 0x00000000c1d00000|100%| O|  |TAMS 0x00000000c1d00000, 0x00000000c1c00000| Untracked 
|   1|0x00000000c1d00000, 0x00000000c1e00000, 0x00000000c1e00000|100%| O|  |TAMS 0x00000000c1e00000, 0x00000000c1d00000| Untracked 
|   2|0x00000000c1e00000, 0x00000000c1f00000, 0x00000000c1f00000|100%| O|  |TAMS 0x00000000c1f00000, 0x00000000c1e00000| Updating 
|   3|0x00000000c1f00000, 0x00000000c2000000, 0x00000000c2000000|100%| O|  |TAMS 0x00000000c2000000, 0x00000000c1f00000| Untracked 
|   4|0x00000000c2000000, 0x00000000c2100000, 0x00000000c2100000|100%| O|  |TAMS 0x00000000c2100000, 0x00000000c2000000| Untracked 
|   5|0x00000000c2100000, 0x00000000c2200000, 0x00000000c2200000|100%| O|  |TAMS 0x00000000c2200000, 0x00000000c2100000| Updating 
|   6|0x00000000c2200000, 0x00000000c2300000, 0x00000000c2300000|100%| O|  |TAMS 0x00000000c2300000, 0x00000000c2200000| Untracked 
|   7|0x00000000c2300000, 0x00000000c238be00, 0x00000000c2400000| 54%| O|  |TAMS 0x00000000c238be00, 0x00000000c2300000| Updating 
|   8|0x00000000c2400000, 0x00000000c2500000, 0x00000000c2500000|100%| O|  |TAMS 0x00000000c2500000, 0x00000000c2400000| Untracked 
|   9|0x00000000c2500000, 0x00000000c2600000, 0x00000000c2600000|100%| O|  |TAMS 0x00000000c2600000, 0x00000000c2500000| Untracked 
|  10|0x00000000c2600000, 0x00000000c2700000, 0x00000000c2700000|100%| O|  |TAMS 0x00000000c2700000, 0x00000000c2600000| Untracked 
|  11|0x00000000c2700000, 0x00000000c2800000, 0x00000000c2800000|100%| O|  |TAMS 0x00000000c2800000, 0x00000000c2700000| Untracked 
|  12|0x00000000c2800000, 0x00000000c2900000, 0x00000000c2900000|100%| O|  |TAMS 0x00000000c2826400, 0x00000000c2800000| Untracked 
|  13|0x00000000c2900000, 0x00000000c2a00000, 0x00000000c2a00000|100%|HS|  |TAMS 0x00000000c2a00000, 0x00000000c2900000| Complete 
|  14|0x00000000c2a00000, 0x00000000c2b00000, 0x00000000c2b00000|100%|HC|  |TAMS 0x00000000c2b00000, 0x00000000c2a00000| Complete 
|  15|0x00000000c2b00000, 0x00000000c2c00000, 0x00000000c2c00000|100%|HC|  |TAMS 0x00000000c2c00000, 0x00000000c2b00000| Complete 
|  16|0x00000000c2c00000, 0x00000000c2d00000, 0x00000000c2d00000|100%|HC|  |TAMS 0x00000000c2d00000, 0x00000000c2c00000| Complete 
|  17|0x00000000c2d00000, 0x00000000c2e00000, 0x00000000c2e00000|100%|HC|  |TAMS 0x00000000c2e00000, 0x00000000c2d00000| Complete 
|  18|0x00000000c2e00000, 0x00000000c2f00000, 0x00000000c2f00000|100%|HC|  |TAMS 0x00000000c2f00000, 0x00000000c2e00000| Complete 
|  19|0x00000000c2f00000, 0x00000000c3000000, 0x00000000c3000000|100%|HC|  |TAMS 0x00000000c3000000, 0x00000000c2f00000| Complete 
|  20|0x00000000c3000000, 0x00000000c3100000, 0x00000000c3100000|100%|HC|  |TAMS 0x00000000c3100000, 0x00000000c3000000| Complete 
|  21|0x00000000c3100000, 0x00000000c3200000, 0x00000000c3200000|100%|HC|  |TAMS 0x00000000c3200000, 0x00000000c3100000| Complete 
|  22|0x00000000c3200000, 0x00000000c3300000, 0x00000000c3300000|100%|HC|  |TAMS 0x00000000c3300000, 0x00000000c3200000| Complete 
|  23|0x00000000c3300000, 0x00000000c3400000, 0x00000000c3400000|100%|HC|  |TAMS 0x00000000c3400000, 0x00000000c3300000| Complete 
|  24|0x00000000c3400000, 0x00000000c3500000, 0x00000000c3500000|100%|HC|  |TAMS 0x00000000c3500000, 0x00000000c3400000| Complete 
|  25|0x00000000c3500000, 0x00000000c3600000, 0x00000000c3600000|100%|HC|  |TAMS 0x00000000c3600000, 0x00000000c3500000| Complete 
|  26|0x00000000c3600000, 0x00000000c3700000, 0x00000000c3700000|100%|HC|  |TAMS 0x00000000c3700000, 0x00000000c3600000| Complete 
|  27|0x00000000c3700000, 0x00000000c3800000, 0x00000000c3800000|100%|HC|  |TAMS 0x00000000c3800000, 0x00000000c3700000| Complete 
|  28|0x00000000c3800000, 0x00000000c3900000, 0x00000000c3900000|100%|HC|  |TAMS 0x00000000c3900000, 0x00000000c3800000| Complete 
|  29|0x00000000c3900000, 0x00000000c3a00000, 0x00000000c3a00000|100%|HC|  |TAMS 0x00000000c3a00000, 0x00000000c3900000| Complete 
|  30|0x00000000c3a00000, 0x00000000c3a51000, 0x00000000c3b00000| 31%| O|  |TAMS 0x00000000c3a00000, 0x00000000c3a00000| Updating 
|  31|0x00000000c3b00000, 0x00000000c3b00000, 0x00000000c3c00000|  0%| F|  |TAMS 0x00000000c3b00000, 0x00000000c3b00000| Untracked 
|  32|0x00000000c3c00000, 0x00000000c3c00000, 0x00000000c3d00000|  0%| F|  |TAMS 0x00000000c3c00000, 0x00000000c3c00000| Untracked 
|  33|0x00000000c3d00000, 0x00000000c3d00000, 0x00000000c3e00000|  0%| F|  |TAMS 0x00000000c3d00000, 0x00000000c3d00000| Untracked 
|  34|0x00000000c3e00000, 0x00000000c3e00000, 0x00000000c3f00000|  0%| F|  |TAMS 0x00000000c3e00000, 0x00000000c3e00000| Untracked 
|  35|0x00000000c3f00000, 0x00000000c3f00000, 0x00000000c4000000|  0%| F|  |TAMS 0x00000000c3f00000, 0x00000000c3f00000| Untracked 
|  56|0x00000000c5400000, 0x00000000c5400000, 0x00000000c5500000|  0%| F|  |TAMS 0x00000000c5400000, 0x00000000c5400000| Untracked 
|  57|0x00000000c5500000, 0x00000000c555e5f0, 0x00000000c5600000| 36%| S|CS|TAMS 0x00000000c5500000, 0x00000000c5500000| Complete 
|  58|0x00000000c5600000, 0x00000000c5600000, 0x00000000c5700000|  0%| F|  |TAMS 0x00000000c5600000, 0x00000000c5600000| Untracked 
|  63|0x00000000c5b00000, 0x00000000c5b17760, 0x00000000c5c00000|  9%| E|  |TAMS 0x00000000c5b00000, 0x00000000c5b00000| Complete 

Card table byte_map: [0x00000234ef510000,0x00000234ef710000] _byte_map_base: 0x00000234eef02000

Marking Bits (Prev, Next): (CMBitMap*) 0x00000234dae9e0d0, (CMBitMap*) 0x00000234dae9e110
 Prev Bits: [0x00000234ef910000, 0x00000234f08a0000)
 Next Bits: [0x00000234f08a0000, 0x00000234f1830000)

Polling page: 0x00000234dad00000

Metaspace:

Usage:
  Non-class:     26.13 MB used.
      Class:      3.39 MB used.
       Both:     29.52 MB used.

Virtual space:
  Non-class space:       32.00 MB reserved,      26.25 MB ( 82%) committed,  4 nodes.
      Class space:        1.00 GB reserved,       3.50 MB ( <1%) committed,  1 nodes.
             Both:        1.03 GB reserved,      29.75 MB (  3%) committed. 

Chunk freelists:
   Non-Class:  1.50 MB
       Class:  400.00 KB
        Both:  1.89 MB

MaxMetaspaceSize: unlimited
CompressedClassSpaceSize: 1.00 GB
Initial GC threshold: 21.00 MB
Current GC threshold: 35.12 MB
CDS: off
MetaspaceReclaimPolicy: balanced
 - commit_granule_bytes: 65536.
 - commit_granule_words: 8192.
 - virtual_space_node_default_size: 1048576.
 - enlarge_chunks_in_place: 1.
 - new_chunks_are_fully_committed: 0.
 - uncommit_free_chunks: 1.
 - use_allocation_guard: 0.
 - handle_deallocations: 1.


Internal statistics:

num_allocs_failed_limit: 3.
num_arena_births: 204.
num_arena_deaths: 0.
num_vsnodes_births: 5.
num_vsnodes_deaths: 0.
num_space_committed: 476.
num_space_uncommitted: 0.
num_chunks_returned_to_freelist: 3.
num_chunks_taken_from_freelist: 791.
num_chunk_merges: 0.
num_chunk_splits: 519.
num_chunks_enlarged: 408.
num_purges: 0.
num_inconsistent_stats: 0.

CodeHeap 'non-profiled nmethods': size=120000Kb used=843Kb max_used=843Kb free=119156Kb
 bounds [0x00000234e77a0000, 0x00000234e7a10000, 0x00000234eecd0000]
CodeHeap 'profiled nmethods': size=120000Kb used=3927Kb max_used=3927Kb free=116072Kb
 bounds [0x00000234e0270000, 0x00000234e0650000, 0x00000234e77a0000]
CodeHeap 'non-nmethods': size=5760Kb used=1272Kb max_used=1318Kb free=4487Kb
 bounds [0x00000234dfcd0000, 0x00000234dff40000, 0x00000234e0270000]
 total_blobs=2631 nmethods=2043 adapters=501
 compilation: enabled
              stopped_count=0, restarted_count=0
 full_count=0

Compilation events (20 events):
Event: 22.599 Thread 0x00000234f4808070 2040       1       java.util.Formatter$FormatSpecifier::index (5 bytes)
Event: 22.599 Thread 0x00000234f4808070 nmethod 2040 0x00000234e786ad10 code [0x00000234e786aea0, 0x00000234e786af78]
Event: 22.600 Thread 0x00000234f4808070 2041       3       java.util.regex.Pattern$BranchConn::match (11 bytes)
Event: 22.600 Thread 0x00000234f4808070 nmethod 2041 0x00000234e0643f10 code [0x00000234e06440c0, 0x00000234e0644288]
Event: 22.600 Thread 0x00000234f4808070 2042       1       java.util.Formatter$FixedString::index (3 bytes)
Event: 22.600 Thread 0x00000234f4808070 nmethod 2042 0x00000234e786b010 code [0x00000234e786b1a0, 0x00000234e786b278]
Event: 22.615 Thread 0x00000234f4808070 2043       3       java.util.TreeMap::colorOf (13 bytes)
Event: 22.615 Thread 0x00000234f4808070 nmethod 2043 0x00000234e0644390 code [0x00000234e0644520, 0x00000234e0644678]
Event: 22.616 Thread 0x00000234f4808070 2044       3       java.util.TreeMap::addEntry (59 bytes)
Event: 22.616 Thread 0x00000234f4808070 nmethod 2044 0x00000234e0644710 code [0x00000234e06448e0, 0x00000234e0644da8]
Event: 22.618 Thread 0x00000234f4808070 2045       3       org.openqa.selenium.ImmutableCapabilities::getCapability (18 bytes)
Event: 22.618 Thread 0x00000234f4808070 nmethod 2045 0x00000234e0644f90 code [0x00000234e0645140, 0x00000234e0645358]
Event: 22.618 Thread 0x00000234f4808070 2046       3       java.util.TreeMap::get (19 bytes)
Event: 22.618 Thread 0x00000234f4808070 nmethod 2046 0x00000234e0645490 code [0x00000234e0645640, 0x00000234e0645808]
Event: 22.624 Thread 0x00000234f4808070 2047       3       java.util.ArrayDeque::dec (13 bytes)
Event: 22.624 Thread 0x00000234f4808070 nmethod 2047 0x00000234e0645910 code [0x00000234e0645aa0, 0x00000234e0645bd8]
Event: 22.659 Thread 0x00000234f3e7bc30 nmethod 1992 0x00000234e786b310 code [0x00000234e786b6c0, 0x00000234e7870220]
Event: 22.659 Thread 0x00000234f3e7bc30 2026       4       java.lang.CharacterDataLatin1::isWhitespace (23 bytes)
Event: 22.660 Thread 0x00000234f3e7bc30 nmethod 2026 0x00000234e7872b90 code [0x00000234e7872d00, 0x00000234e7872db8]
Event: 22.660 Thread 0x00000234f3e7bc30 1993       4       sun.net.www.protocol.file.Handler::parseURL (18 bytes)

GC Heap History (16 events):
Event: 1.493 GC heap before
{Heap before GC invocations=0 (full 0):
 garbage-first heap   total 65536K, used 12288K [0x00000000c1c00000, 0x0000000100000000)
  region size 1024K, 13 young (13312K), 0 survivors (0K)
 Metaspace       used 10336K, committed 10496K, reserved 1064960K
  class space    used 951K, committed 1024K, reserved 1048576K
}
Event: 1.503 GC heap after
{Heap after GC invocations=1 (full 0):
 garbage-first heap   total 65536K, used 6602K [0x00000000c1c00000, 0x0000000100000000)
  region size 1024K, 2 young (2048K), 2 survivors (2048K)
 Metaspace       used 10336K, committed 10496K, reserved 1064960K
  class space    used 951K, committed 1024K, reserved 1048576K
}
Event: 2.048 GC heap before
{Heap before GC invocations=1 (full 0):
 garbage-first heap   total 65536K, used 13770K [0x00000000c1c00000, 0x0000000100000000)
  region size 1024K, 9 young (9216K), 2 survivors (2048K)
 Metaspace       used 13590K, committed 13760K, reserved 1064960K
  class space    used 1321K, committed 1408K, reserved 1048576K
}
Event: 2.052 GC heap after
{Heap after GC invocations=2 (full 0):
 garbage-first heap   total 65536K, used 7798K [0x00000000c1c00000, 0x0000000100000000)
  region size 1024K, 1 young (1024K), 1 survivors (1024K)
 Metaspace       used 13590K, committed 13760K, reserved 1064960K
  class space    used 1321K, committed 1408K, reserved 1048576K
}
Event: 3.267 GC heap before
{Heap before GC invocations=2 (full 0):
 garbage-first heap   total 65536K, used 26230K [0x00000000c1c00000, 0x0000000100000000)
  region size 1024K, 19 young (19456K), 1 survivors (1024K)
 Metaspace       used 20529K, committed 20736K, reserved 1073152K
  class space    used 2174K, committed 2304K, reserved 1048576K
}
Event: 3.272 GC heap after
{Heap after GC invocations=3 (full 0):
 garbage-first heap   total 65536K, used 9730K [0x00000000c1c00000, 0x0000000100000000)
  region size 1024K, 3 young (3072K), 3 survivors (3072K)
 Metaspace       used 20529K, committed 20736K, reserved 1073152K
  class space    used 2174K, committed 2304K, reserved 1048576K
}
Event: 3.400 GC heap before
{Heap before GC invocations=3 (full 0):
 garbage-first heap   total 65536K, used 13826K [0x00000000c1c00000, 0x0000000100000000)
  region size 1024K, 8 young (8192K), 3 survivors (3072K)
 Metaspace       used 21275K, committed 21504K, reserved 1073152K
  class space    used 2244K, committed 2368K, reserved 1048576K
}
Event: 3.405 GC heap after
{Heap after GC invocations=4 (full 0):
 garbage-first heap   total 65536K, used 10583K [0x00000000c1c00000, 0x0000000100000000)
  region size 1024K, 3 young (3072K), 3 survivors (3072K)
 Metaspace       used 21275K, committed 21504K, reserved 1073152K
  class space    used 2244K, committed 2368K, reserved 1048576K
}
Event: 5.452 GC heap before
{Heap before GC invocations=5 (full 0):
 garbage-first heap   total 40960K, used 29015K [0x00000000c1c00000, 0x0000000100000000)
  region size 1024K, 22 young (22528K), 3 survivors (3072K)
 Metaspace       used 26994K, committed 27264K, reserved 1073152K
  class space    used 3024K, committed 3136K, reserved 1048576K
}
Event: 5.462 GC heap after
{Heap after GC invocations=6 (full 0):
 garbage-first heap   total 40960K, used 12092K [0x00000000c1c00000, 0x0000000100000000)
  region size 1024K, 3 young (3072K), 3 survivors (3072K)
 Metaspace       used 26994K, committed 27264K, reserved 1073152K
  class space    used 3024K, committed 3136K, reserved 1048576K
}
Event: 5.664 GC heap before
{Heap before GC invocations=6 (full 0):
 garbage-first heap   total 40960K, used 16188K [0x00000000c1c00000, 0x0000000100000000)
  region size 1024K, 8 young (8192K), 3 survivors (3072K)
 Metaspace       used 28117K, committed 28416K, reserved 1081344K
  class space    used 3197K, committed 3328K, reserved 1048576K
}
Event: 5.670 GC heap after
{Heap after GC invocations=7 (full 0):
 garbage-first heap   total 40960K, used 12443K [0x00000000c1c00000, 0x0000000100000000)
  region size 1024K, 1 young (1024K), 1 survivors (1024K)
 Metaspace       used 28117K, committed 28416K, reserved 1081344K
  class space    used 3197K, committed 3328K, reserved 1048576K
}
Event: 22.452 GC heap before
{Heap before GC invocations=7 (full 0):
 garbage-first heap   total 40960K, used 34971K [0x00000000c1c00000, 0x0000000100000000)
  region size 1024K, 7 young (7168K), 1 survivors (1024K)
 Metaspace       used 29844K, committed 30080K, reserved 1081344K
  class space    used 3420K, committed 3520K, reserved 1048576K
}
Event: 22.454 GC heap after
{Heap after GC invocations=8 (full 0):
 garbage-first heap   total 40960K, used 30609K [0x00000000c1c00000, 0x0000000100000000)
  region size 1024K, 2 young (2048K), 2 survivors (2048K)
 Metaspace       used 29844K, committed 30080K, reserved 1081344K
  class space    used 3420K, committed 3520K, reserved 1048576K
}
Event: 22.633 GC heap before
{Heap before GC invocations=8 (full 0):
 garbage-first heap   total 40960K, used 31633K [0x00000000c1c00000, 0x0000000100000000)
  region size 1024K, 4 young (4096K), 2 survivors (2048K)
 Metaspace       used 30204K, committed 30464K, reserved 1081344K
  class space    used 3467K, committed 3584K, reserved 1048576K
}
Event: 22.636 GC heap after
{Heap after GC invocations=9 (full 0):
 garbage-first heap   total 40960K, used 30956K [0x00000000c1c00000, 0x0000000100000000)
  region size 1024K, 1 young (1024K), 1 survivors (1024K)
 Metaspace       used 30204K, committed 30464K, reserved 1081344K
  class space    used 3467K, committed 3584K, reserved 1048576K
}

Deoptimization events (20 events):
Event: 5.342 Thread 0x00000234dae60270 Uncommon trap: trap_request=0xffffff45 fr.pc=0x00000234e7815478 relative=0x0000000000000fd8
Event: 5.342 Thread 0x00000234dae60270 Uncommon trap: reason=unstable_if action=reinterpret pc=0x00000234e7815478 method=java.util.concurrent.ConcurrentHashMap.putVal(Ljava/lang/Object;Ljava/lang/Object;Z)Ljava/lang/Object; @ 231 c2
Event: 5.342 Thread 0x00000234dae60270 DEOPT PACKING pc=0x00000234e7815478 sp=0x000000788c7f98c0
Event: 5.342 Thread 0x00000234dae60270 DEOPT UNPACKING pc=0x00000234dfd223a3 sp=0x000000788c7f9830 mode 2
Event: 5.687 Thread 0x00000234f55beed0 Uncommon trap: trap_request=0xffffffde fr.pc=0x00000234e781eb80 relative=0x00000000000007e0
Event: 5.687 Thread 0x00000234f55beed0 Uncommon trap: reason=class_check action=maybe_recompile pc=0x00000234e781eb80 method=java.util.HashMap.putVal(ILjava/lang/Object;Ljava/lang/Object;ZZ)Ljava/lang/Object; @ 91 c2
Event: 5.687 Thread 0x00000234f55beed0 DEOPT PACKING pc=0x00000234e781eb80 sp=0x000000788e8febb0
Event: 5.687 Thread 0x00000234f55beed0 DEOPT UNPACKING pc=0x00000234dfd223a3 sp=0x000000788e8feb60 mode 2
Event: 5.687 Thread 0x00000234f55beed0 Uncommon trap: trap_request=0xffffffde fr.pc=0x00000234e781eb80 relative=0x00000000000007e0
Event: 5.687 Thread 0x00000234f55beed0 Uncommon trap: reason=class_check action=maybe_recompile pc=0x00000234e781eb80 method=java.util.HashMap.putVal(ILjava/lang/Object;Ljava/lang/Object;ZZ)Ljava/lang/Object; @ 91 c2
Event: 5.687 Thread 0x00000234f55beed0 DEOPT PACKING pc=0x00000234e781eb80 sp=0x000000788e8febb0
Event: 5.687 Thread 0x00000234f55beed0 DEOPT UNPACKING pc=0x00000234dfd223a3 sp=0x000000788e8feb60 mode 2
Event: 22.422 Thread 0x00000234f55bc380 Uncommon trap: trap_request=0xffffffde fr.pc=0x00000234e781eb80 relative=0x00000000000007e0
Event: 22.422 Thread 0x00000234f55bc380 Uncommon trap: reason=class_check action=maybe_recompile pc=0x00000234e781eb80 method=java.util.HashMap.putVal(ILjava/lang/Object;Ljava/lang/Object;ZZ)Ljava/lang/Object; @ 91 c2
Event: 22.422 Thread 0x00000234f55bc380 DEOPT PACKING pc=0x00000234e781eb80 sp=0x000000788e7feb20
Event: 22.422 Thread 0x00000234f55bc380 DEOPT UNPACKING pc=0x00000234dfd223a3 sp=0x000000788e7fead0 mode 2
Event: 22.422 Thread 0x00000234f55bc380 Uncommon trap: trap_request=0xffffffde fr.pc=0x00000234e781eb80 relative=0x00000000000007e0
Event: 22.422 Thread 0x00000234f55bc380 Uncommon trap: reason=class_check action=maybe_recompile pc=0x00000234e781eb80 method=java.util.HashMap.putVal(ILjava/lang/Object;Ljava/lang/Object;ZZ)Ljava/lang/Object; @ 91 c2
Event: 22.422 Thread 0x00000234f55bc380 DEOPT PACKING pc=0x00000234e781eb80 sp=0x000000788e7feb20
Event: 22.422 Thread 0x00000234f55bc380 DEOPT UNPACKING pc=0x00000234dfd223a3 sp=0x000000788e7fead0 mode 2

Classes unloaded (0 events):
No events

Classes redefined (0 events):
No events

Internal exceptions (20 events):
Event: 3.946 Thread 0x00000234f3e6f1b0 Exception <a 'java/net/SocketException'{0x00000000c3652b28}: Socket is not connected: shutdown> (0x00000000c3652b28) 
thrown [s\src\hotspot\share\prims\jni.cpp, line 535]
Event: 3.996 Thread 0x00000234f3e6f1b0 Exception <a 'java/net/ConnectException'{0x00000000c3653ac0}: Connection refused: no further information> (0x00000000c3653ac0) 
thrown [s\src\hotspot\share\prims\jni.cpp, line 535]
Event: 3.996 Thread 0x00000234f3e6f1b0 Exception <a 'java/net/SocketException'{0x00000000c3653df8}: Socket is not connected: shutdown> (0x00000000c3653df8) 
thrown [s\src\hotspot\share\prims\jni.cpp, line 535]
Event: 4.085 Thread 0x00000234f3e6f1b0 Exception <a 'java/net/ConnectException'{0x00000000c3654d90}: Connection refused: no further information> (0x00000000c3654d90) 
thrown [s\src\hotspot\share\prims\jni.cpp, line 535]
Event: 4.085 Thread 0x00000234f3e6f1b0 Exception <a 'java/net/SocketException'{0x00000000c36550c8}: Socket is not connected: shutdown> (0x00000000c36550c8) 
thrown [s\src\hotspot\share\prims\jni.cpp, line 535]
Event: 4.255 Thread 0x00000234f3e6f1b0 Exception <a 'java/net/ConnectException'{0x00000000c3656060}: Connection refused: no further information> (0x00000000c3656060) 
thrown [s\src\hotspot\share\prims\jni.cpp, line 535]
Event: 4.255 Thread 0x00000234f3e6f1b0 Exception <a 'java/net/SocketException'{0x00000000c3656398}: Socket is not connected: shutdown> (0x00000000c3656398) 
thrown [s\src\hotspot\share\prims\jni.cpp, line 535]
Event: 4.581 Thread 0x00000234f3e6f1b0 Exception <a 'java/net/ConnectException'{0x00000000c3657330}: Connection refused: no further information> (0x00000000c3657330) 
thrown [s\src\hotspot\share\prims\jni.cpp, line 535]
Event: 4.581 Thread 0x00000234f3e6f1b0 Exception <a 'java/net/SocketException'{0x00000000c3657668}: Socket is not connected: shutdown> (0x00000000c3657668) 
thrown [s\src\hotspot\share\prims\jni.cpp, line 535]
Event: 4.948 Thread 0x00000234dae60270 Exception <a 'java/lang/NoSuchMethodError'{0x00000000c3509fa8}: 'double java.lang.invoke.DirectMethodHandle$Holder.invokeVirtual(java.lang.Object, java.lang.Object)'> (0x00000000c3509fa8) 
thrown [s\src\hotspot\share\interpreter\linkResolver.cpp, line 759]
Event: 4.949 Thread 0x00000234dae60270 Exception <a 'java/lang/NoSuchMethodError'{0x00000000c3510750}: 'float java.lang.invoke.DirectMethodHandle$Holder.invokeVirtual(java.lang.Object, java.lang.Object)'> (0x00000000c3510750) 
thrown [s\src\hotspot\share\interpreter\linkResolver.cpp, line 759]
Event: 4.951 Thread 0x00000234dae60270 Exception <a 'java/lang/NoSuchMethodError'{0x00000000c3519730}: 'long java.lang.invoke.DirectMethodHandle$Holder.invokeVirtual(java.lang.Object, java.lang.Object)'> (0x00000000c3519730) 
thrown [s\src\hotspot\share\interpreter\linkResolver.cpp, line 759]
Event: 5.056 Thread 0x00000234dae60270 Exception <a 'java/lang/NoSuchMethodError'{0x00000000c34642a0}: 'void java.lang.invoke.DirectMethodHandle$Holder.invokeSpecial(java.lang.Object, java.lang.Object, java.lang.Object, java.lang.Object, java.lang.Object)'> (0x00000000c34642a0) 
thrown [s\src\hotspot\share\interpreter\linkResolver.cpp, line 759]
Event: 5.057 Thread 0x00000234dae60270 Exception <a 'java/lang/NoSuchMethodError'{0x00000000c346b180}: 'void java.lang.invoke.DirectMethodHandle$Holder.invokeStatic(java.lang.Object, java.lang.Object, int)'> (0x00000000c346b180) 
thrown [s\src\hotspot\share\interpreter\linkResolver.cpp, line 759]
Event: 5.113 Thread 0x00000234dae60270 Exception <a 'java/lang/NoSuchMethodError'{0x00000000c3333410}: 'java.lang.Object java.lang.invoke.DirectMethodHandle$Holder.newInvokeSpecial(java.lang.Object, java.lang.Object, java.lang.Object, java.lang.Object, java.lang.Object)'> (0x00000000c3333410) 
thrown [s\src\hotspot\share\interpreter\linkResolver.cpp, line 759]
Event: 5.149 Thread 0x00000234dae60270 Exception <a 'java/lang/NoSuchMethodError'{0x00000000c321cdb8}: 'int java.lang.invoke.DirectMethodHandle$Holder.invokeSpecialIFC(java.lang.Object, java.lang.Object, java.lang.Object)'> (0x00000000c321cdb8) 
thrown [s\src\hotspot\share\interpreter\linkResolver.cpp, line 759]
Event: 5.291 Thread 0x00000234dae60270 Exception <a 'java/lang/NoSuchMethodError'{0x00000000c2f8f638}: 'void java.lang.invoke.DirectMethodHandle$Holder.invokeSpecial(java.lang.Object, java.lang.Object, java.lang.Object, java.lang.Object, java.lang.Object, java.lang.Object)'> (0x00000000c2f8f638) 
thrown [s\src\hotspot\share\interpreter\linkResolver.cpp, line 759]
Event: 22.096 Thread 0x00000234dae60270 Exception <a 'java/lang/NoSuchMethodError'{0x00000000c55ecdb0}: 'java.lang.Object java.lang.invoke.DirectMethodHandle$Holder.invokeSpecialIFC(java.lang.Object, java.lang.Object, java.lang.Object)'> (0x00000000c55ecdb0) 
thrown [s\src\hotspot\share\interpreter\linkResolver.cpp, line 759]
Event: 22.117 Thread 0x00000234dae60270 Exception <a 'java/lang/NoSuchMethodError'{0x00000000c54180c0}: 'void java.lang.invoke.DirectMethodHandle$Holder.invokeSpecial(java.lang.Object, java.lang.Object, java.lang.Object)'> (0x00000000c54180c0) 
thrown [s\src\hotspot\share\interpreter\linkResolver.cpp, line 759]
Event: 22.285 Thread 0x00000234dae60270 Exception <a 'java/lang/ClassNotFoundException'{0x00000000c54dd058}: sun/util/logging/resources/spi/loggingProvider> (0x00000000c54dd058) 
thrown [s\src\hotspot\share\classfile\systemDictionary.cpp, line 256]

VM Operations (20 events):
Event: 4.919 Executing VM operation: HandshakeAllThreads done
Event: 4.922 Executing VM operation: HandshakeAllThreads
Event: 4.922 Executing VM operation: HandshakeAllThreads done
Event: 5.205 Executing VM operation: HandshakeAllThreads
Event: 5.205 Executing VM operation: HandshakeAllThreads done
Event: 5.452 Executing VM operation: G1CollectForAllocation
Event: 5.463 Executing VM operation: G1CollectForAllocation done
Event: 5.664 Executing VM operation: G1TryInitiateConcMark
Event: 5.670 Executing VM operation: G1TryInitiateConcMark done
Event: 20.790 Executing VM operation: Cleanup
Event: 20.790 Executing VM operation: Cleanup done
Event: 21.799 Executing VM operation: Cleanup
Event: 21.799 Executing VM operation: Cleanup done
Event: 22.222 Executing VM operation: HandshakeAllThreads
Event: 22.222 Executing VM operation: HandshakeAllThreads done
Event: 22.452 Executing VM operation: G1CollectForAllocation
Event: 22.455 Executing VM operation: G1CollectForAllocation done
Event: 22.633 Executing VM operation: G1CollectForAllocation
Event: 22.636 Executing VM operation: G1CollectForAllocation done
Event: 22.664 Executing VM operation: G1Concurrent

Events (20 events):
Event: 22.431 loading class java/util/concurrent/locks/ReentrantReadWriteLock$FairSync done
Event: 22.431 loading class java/util/concurrent/locks/ReentrantReadWriteLock$Sync$ThreadLocalHoldCounter
Event: 22.431 loading class java/util/concurrent/locks/ReentrantReadWriteLock$Sync$ThreadLocalHoldCounter done
Event: 22.431 loading class java/util/concurrent/locks/ReentrantReadWriteLock$ReadLock
Event: 22.431 loading class java/util/concurrent/locks/ReentrantReadWriteLock$ReadLock done
Event: 22.431 loading class java/util/concurrent/locks/ReentrantReadWriteLock$WriteLock
Event: 22.432 loading class java/util/concurrent/locks/ReentrantReadWriteLock$WriteLock done
Event: 22.446 loading class java/util/Base64
Event: 22.449 loading class java/util/Base64 done
Event: 22.449 loading class java/util/Base64$Encoder
Event: 22.449 loading class java/util/Base64$Encoder done
Event: 22.451 Thread 0x00000234f55bf3a0 Thread added: 0x00000234f55bf3a0
Event: 22.456 loading class java/util/concurrent/CompletableFuture$UniExceptionally
Event: 22.460 loading class java/util/concurrent/CompletableFuture$UniCompletion
Event: 22.461 loading class java/util/concurrent/CompletableFuture$UniCompletion done
Event: 22.461 loading class java/util/concurrent/CompletableFuture$UniExceptionally done
Event: 22.608 loading class java/util/stream/SortedOps$SizedRefSortingSink
Event: 22.609 loading class java/util/stream/SortedOps$AbstractRefSortingSink
Event: 22.612 loading class java/util/stream/SortedOps$AbstractRefSortingSink done
Event: 22.612 loading class java/util/stream/SortedOps$SizedRefSortingSink done


Dynamic libraries:
0x00007ff745e80000 - 0x00007ff745e8e000 	C:\Users\ASUS\.p2\pool\plugins\org.eclipse.justj.openjdk.hotspot.jre.full.win32.x86_64_17.0.4.v20220805-1047\jre\bin\javaw.exe
0x00007ff8b63b0000 - 0x00007ff8b65a8000 	C:\Windows\SYSTEM32\ntdll.dll
0x00007ff8b4600000 - 0x00007ff8b46bf000 	C:\Windows\System32\KERNEL32.DLL
0x00007ff8b3d40000 - 0x00007ff8b4012000 	C:\Windows\System32\KERNELBASE.dll
0x00007ff8b3ad0000 - 0x00007ff8b3bd0000 	C:\Windows\System32\ucrtbase.dll
0x00007ff8aabe0000 - 0x00007ff8aabf8000 	C:\Users\ASUS\.p2\pool\plugins\org.eclipse.justj.openjdk.hotspot.jre.full.win32.x86_64_17.0.4.v20220805-1047\jre\bin\jli.dll
0x00007ff8b4450000 - 0x00007ff8b45f1000 	C:\Windows\System32\USER32.dll
0x00007ff8b3aa0000 - 0x00007ff8b3ac2000 	C:\Windows\System32\win32u.dll
0x00007ff8b5cc0000 - 0x00007ff8b5ceb000 	C:\Windows\System32\GDI32.dll
0x00007ff8b40b0000 - 0x00007ff8b41bf000 	C:\Windows\System32\gdi32full.dll
0x00007ff8b4350000 - 0x00007ff8b43ed000 	C:\Windows\System32\msvcp_win.dll
0x00007ff8b2e30000 - 0x00007ff8b30ca000 	C:\Windows\WinSxS\amd64_microsoft.windows.common-controls_6595b64144ccf1df_6.0.19041.1110_none_60b5254171f9507e\COMCTL32.dll
0x00007ff8b57b0000 - 0x00007ff8b584e000 	C:\Windows\System32\msvcrt.dll
0x00007ff8aaae0000 - 0x00007ff8aaaf9000 	C:\Users\ASUS\.p2\pool\plugins\org.eclipse.justj.openjdk.hotspot.jre.full.win32.x86_64_17.0.4.v20220805-1047\jre\bin\VCRUNTIME140.dll
0x00007ff8b6280000 - 0x00007ff8b62b2000 	C:\Windows\System32\IMM32.DLL
0x00007ff8aacc0000 - 0x00007ff8aaccc000 	C:\Users\ASUS\.p2\pool\plugins\org.eclipse.justj.openjdk.hotspot.jre.full.win32.x86_64_17.0.4.v20220805-1047\jre\bin\vcruntime140_1.dll
0x00007ff882680000 - 0x00007ff882711000 	C:\Users\ASUS\.p2\pool\plugins\org.eclipse.justj.openjdk.hotspot.jre.full.win32.x86_64_17.0.4.v20220805-1047\jre\bin\msvcp140.dll
0x00007ff855510000 - 0x00007ff856156000 	C:\Users\ASUS\.p2\pool\plugins\org.eclipse.justj.openjdk.hotspot.jre.full.win32.x86_64_17.0.4.v20220805-1047\jre\bin\server\jvm.dll
0x00007ff8b5660000 - 0x00007ff8b570e000 	C:\Windows\System32\ADVAPI32.dll
0x00007ff8b5560000 - 0x00007ff8b55fc000 	C:\Windows\System32\sechost.dll
0x00007ff8b5a70000 - 0x00007ff8b5b95000 	C:\Windows\System32\RPCRT4.dll
0x00007ff8b5cb0000 - 0x00007ff8b5cb8000 	C:\Windows\System32\PSAPI.DLL
0x00007ff89a750000 - 0x00007ff89a759000 	C:\Windows\SYSTEM32\WSOCK32.dll
0x00007ff8b5850000 - 0x00007ff8b58bb000 	C:\Windows\System32\WS2_32.dll
0x00007ff8ab880000 - 0x00007ff8ab88a000 	C:\Windows\SYSTEM32\VERSION.dll
0x00007ff895c70000 - 0x00007ff895c97000 	C:\Windows\SYSTEM32\WINMM.dll
0x00007ff8b1c80000 - 0x00007ff8b1c92000 	C:\Windows\SYSTEM32\kernel.appcore.dll
0x00007ff8ac9e0000 - 0x00007ff8ac9ea000 	C:\Users\ASUS\.p2\pool\plugins\org.eclipse.justj.openjdk.hotspot.jre.full.win32.x86_64_17.0.4.v20220805-1047\jre\bin\jimage.dll
0x00007ff8b33c0000 - 0x00007ff8b35a4000 	C:\Windows\SYSTEM32\DBGHELP.DLL
0x00007ff8b31e0000 - 0x00007ff8b3215000 	C:\Windows\SYSTEM32\dbgcore.DLL
0x00007ff8b4020000 - 0x00007ff8b40a2000 	C:\Windows\System32\bcryptPrimitives.dll
0x00007ff88d7f0000 - 0x00007ff88d815000 	C:\Users\ASUS\.p2\pool\plugins\org.eclipse.justj.openjdk.hotspot.jre.full.win32.x86_64_17.0.4.v20220805-1047\jre\bin\java.dll
0x00007ff8ac9c0000 - 0x00007ff8ac9d8000 	C:\Users\ASUS\.p2\pool\plugins\org.eclipse.justj.openjdk.hotspot.jre.full.win32.x86_64_17.0.4.v20220805-1047\jre\bin\zip.dll
0x00007ff8b46c0000 - 0x00007ff8b4e05000 	C:\Windows\System32\SHELL32.dll
0x00007ff8b14d0000 - 0x00007ff8b1c62000 	C:\Windows\SYSTEM32\windows.storage.dll
0x00007ff8b5f20000 - 0x00007ff8b6275000 	C:\Windows\System32\combase.dll
0x00007ff8b2d90000 - 0x00007ff8b2dc0000 	C:\Windows\SYSTEM32\Wldp.dll
0x00007ff8b62c0000 - 0x00007ff8b636d000 	C:\Windows\System32\SHCORE.dll
0x00007ff8b5ba0000 - 0x00007ff8b5bf5000 	C:\Windows\System32\shlwapi.dll
0x00007ff8b39e0000 - 0x00007ff8b39ff000 	C:\Windows\SYSTEM32\profapi.dll
0x00007ff8ac8c0000 - 0x00007ff8ac8d9000 	C:\Users\ASUS\.p2\pool\plugins\org.eclipse.justj.openjdk.hotspot.jre.full.win32.x86_64_17.0.4.v20220805-1047\jre\bin\net.dll
0x00007ff8a6d20000 - 0x00007ff8a6e2c000 	C:\Windows\SYSTEM32\WINHTTP.dll
0x00007ff8b2a80000 - 0x00007ff8b2aea000 	C:\Windows\system32\mswsock.dll
0x00007ff893d60000 - 0x00007ff893d75000 	C:\Users\ASUS\.p2\pool\plugins\org.eclipse.justj.openjdk.hotspot.jre.full.win32.x86_64_17.0.4.v20220805-1047\jre\bin\nio.dll
0x00007ff8b27f0000 - 0x00007ff8b28bb000 	C:\Windows\SYSTEM32\DNSAPI.dll
0x00007ff8b27b0000 - 0x00007ff8b27eb000 	C:\Windows\SYSTEM32\IPHLPAPI.DLL
0x00007ff8b5530000 - 0x00007ff8b5538000 	C:\Windows\System32\NSI.dll
0x00007ff8aa2d0000 - 0x00007ff8aa2da000 	C:\Windows\System32\rasadhlp.dll
0x00007ff8a22d0000 - 0x00007ff8a2350000 	C:\Windows\System32\fwpuclnt.dll
0x00007ff8b4320000 - 0x00007ff8b4347000 	C:\Windows\System32\bcrypt.dll
0x00007ff8b3750000 - 0x00007ff8b3768000 	C:\Windows\SYSTEM32\CRYPTSP.dll
0x00007ff8b2470000 - 0x00007ff8b24a4000 	C:\Windows\system32\rsaenh.dll
0x00007ff8b39a0000 - 0x00007ff8b39ce000 	C:\Windows\SYSTEM32\USERENV.dll
0x00007ff8b2d80000 - 0x00007ff8b2d8c000 	C:\Windows\SYSTEM32\CRYPTBASE.dll
0x00007ff8a8770000 - 0x00007ff8a8787000 	C:\Windows\SYSTEM32\dhcpcsvc6.DLL
0x00007ff8a9930000 - 0x00007ff8a994d000 	C:\Windows\SYSTEM32\dhcpcsvc.DLL
0x00007ff894a90000 - 0x00007ff894aa0000 	C:\Users\ASUS\.p2\pool\plugins\org.eclipse.justj.openjdk.hotspot.jre.full.win32.x86_64_17.0.4.v20220805-1047\jre\bin\verify.dll
0x00007ff8ad8e0000 - 0x00007ff8ad8e9000 	C:\Users\ASUS\.p2\pool\plugins\org.eclipse.justj.openjdk.hotspot.jre.full.win32.x86_64_17.0.4.v20220805-1047\jre\bin\management.dll
0x00007ff8acfe0000 - 0x00007ff8acfeb000 	C:\Users\ASUS\.p2\pool\plugins\org.eclipse.justj.openjdk.hotspot.jre.full.win32.x86_64_17.0.4.v20220805-1047\jre\bin\management_ext.dll
0x00007ff8ae510000 - 0x00007ff8ae51e000 	C:\Users\ASUS\.p2\pool\plugins\org.eclipse.justj.openjdk.hotspot.jre.full.win32.x86_64_17.0.4.v20220805-1047\jre\bin\sunmscapi.dll
0x00007ff8b41c0000 - 0x00007ff8b4316000 	C:\Windows\System32\CRYPT32.dll
0x00007ff8b2e00000 - 0x00007ff8b2e27000 	C:\Windows\SYSTEM32\ncrypt.dll
0x00007ff8b2dc0000 - 0x00007ff8b2dfb000 	C:\Windows\SYSTEM32\NTASN1.dll
0x00007ff88da10000 - 0x00007ff88da17000 	C:\Windows\system32\wshunix.dll
0x00007ff892490000 - 0x00007ff8924a7000 	C:\Windows\system32\napinsp.dll
0x00007ff892470000 - 0x00007ff89248b000 	C:\Windows\system32\pnrpnsp.dll
0x00007ff8ada00000 - 0x00007ff8ada15000 	C:\Windows\system32\wshbth.dll
0x00007ff8ae4b0000 - 0x00007ff8ae4cd000 	C:\Windows\system32\NLAapi.dll
0x00007ff891d90000 - 0x00007ff891da2000 	C:\Windows\System32\winrnr.dll

dbghelp: loaded successfully - version: 4.0.5 - missing functions: none
symbol engine: initialized successfully - sym options: 0x614 - pdb path: .;C:\Users\ASUS\.p2\pool\plugins\org.eclipse.justj.openjdk.hotspot.jre.full.win32.x86_64_17.0.4.v20220805-1047\jre\bin;C:\Windows\SYSTEM32;C:\Windows\WinSxS\amd64_microsoft.windows.common-controls_6595b64144ccf1df_6.0.19041.1110_none_60b5254171f9507e;C:\Users\ASUS\.p2\pool\plugins\org.eclipse.justj.openjdk.hotspot.jre.full.win32.x86_64_17.0.4.v20220805-1047\jre\bin\server

VM Arguments:
jvm_args: -ea -Dfile.encoding=UTF-8 -XX:+ShowCodeDetailsInExceptionMessages 
java_command: org.testng.remote.RemoteTestNG -serport 65479 -protocol json -d E:\nandhu_project\Class_Programs\test-output E:\nandhu_project\Class_Programs\Listener_testng.xml
java_class_path (initial): C:\Users\ASUS\eclipse\java-2022-06\eclipse\configuration\org.eclipse.osgi\431\0\.cp\lib\testng-remote.jar;E:\nandhu_project\Class_Programs\target\test-classes;E:\nandhu_project\Class_Programs\target\classes;C:\Users\ASUS\.p2\pool\plugins\org.testng_7.4.0.r202105021533.jar;C:\Users\ASUS\.p2\pool\plugins\com.beust.jcommander_1.78.0.jar;C:\Users\ASUS\.p2\pool\plugins\org.apache-extras.beanshell.bsh_2.0.0.b6.jar;C:\Users\ASUS\.p2\pool\plugins\org.yaml.snakeyaml_1.27.0.v20201111-1638.jar;C:\Users\ASUS\.p2\pool\plugins\org.webjars.jquery_3.5.1.jar;C:\Users\ASUS\.m2\repository\io\github\bonigarcia\webdrivermanager\5.0.3\webdrivermanager-5.0.3.jar;C:\Users\ASUS\.m2\repository\org\seleniumhq\selenium\selenium-java\4.1.1\selenium-java-4.1.1.jar;C:\Users\ASUS\.m2\repository\org\seleniumhq\selenium\selenium-api\4.1.1\selenium-api-4.1.1.jar;C:\Users\ASUS\.m2\repository\org\seleniumhq\selenium\selenium-chrome-driver\4.1.1\selenium-chrome-driver-4.1.1.jar;C:\Users\ASUS\.m2\repository\com\google\auto\service\auto-service-annotations\1.0.1\auto-service-annotations-1.0.1.jar;C:\Users\ASUS\.m2\repository\com\google\auto\service\auto-service\1.0.1\auto-service-1.0.1.jar;C:\Users\ASUS\.m2\repository\com\google\auto\auto-common\1.2\auto-common-1.2.jar;C:\Users\ASUS\.m2\repository\org\seleniumhq\selenium\selenium-chromium-driver\4.1.1\selenium-chromium-driver-4.1.1.jar;C:\Users\ASUS\.m2\repository\org\seleniumhq\selenium\selenium-json\4.1.1\selenium-json-4.1.1.jar;C:\Users\ASUS\.m2\repository\org\seleniumhq\selenium\selenium-devtools-v85\4.1.1\selenium-devtools-v85-4.1.1.jar;C:\Users\ASUS\.m2\repository\org\seleniumhq\selenium\selenium-devtools-v94\4.1.1\selenium-devtools-v94-4.1.1.jar;C:\Users\ASUS\.m2\repository\org\seleniumhq\selenium\selenium-devtools-v95\4.1.1\selenium-devtools-v95-4.1.1.jar;C:\Users\ASUS\.m2\repository\org\seleniumhq\selenium\selenium-devtools-v96\4.1.1\selenium-devtools-v96-4.1.1.jar;C:\Users\ASUS\.m2\repository\org\seleniumhq\selenium\
Launcher Type: SUN_STANDARD

[Global flags]
     intx CICompilerCount                          = 3                                         {product} {ergonomic}
     uint ConcGCThreads                            = 1                                         {product} {ergonomic}
     uint G1ConcRefinementThreads                  = 4                                         {product} {ergonomic}
   size_t G1HeapRegionSize                         = 1048576                                   {product} {ergonomic}
    uintx GCDrainStackTargetSize                   = 64                                        {product} {ergonomic}
   size_t InitialHeapSize                          = 67108864                                  {product} {ergonomic}
   size_t MarkStackSize                            = 4194304                                   {product} {ergonomic}
   size_t MaxHeapSize                              = 1044381696                                {product} {ergonomic}
   size_t MaxNewSize                               = 625999872                                 {product} {ergonomic}
   size_t MinHeapDeltaBytes                        = 1048576                                   {product} {ergonomic}
   size_t MinHeapSize                              = 8388608                                   {product} {ergonomic}
    uintx NonNMethodCodeHeapSize                   = 5832780                                {pd product} {ergonomic}
    uintx NonProfiledCodeHeapSize                  = 122912730                              {pd product} {ergonomic}
    uintx ProfiledCodeHeapSize                     = 122912730                              {pd product} {ergonomic}
    uintx ReservedCodeCacheSize                    = 251658240                              {pd product} {ergonomic}
     bool SegmentedCodeCache                       = true                                      {product} {ergonomic}
     bool ShowCodeDetailsInExceptionMessages       = true                                   {manageable} {command line}
   size_t SoftMaxHeapSize                          = 1044381696                             {manageable} {ergonomic}
     bool UseCompressedClassPointers               = true                           {product lp64_product} {ergonomic}
     bool UseCompressedOops                        = true                           {product lp64_product} {ergonomic}
     bool UseG1GC                                  = true                                      {product} {ergonomic}
     bool UseLargePagesIndividualAllocation        = false                                  {pd product} {ergonomic}

Logging:
Log output configuration:
 #0: stdout all=warning uptime,level,tags
 #1: stderr all=off uptime,level,tags

Environment Variables:
JAVA_HOME=C:\Program Files\Java\jdk-17.0.4.1
PATH=C:/Users/ASUS/.p2/pool/plugins/org.eclipse.justj.openjdk.hotspot.jre.full.win32.x86_64_17.0.4.v20220805-1047/jre/bin/server;C:/Users/ASUS/.p2/pool/plugins/org.eclipse.justj.openjdk.hotspot.jre.full.win32.x86_64_17.0.4.v20220805-1047/jre/bin;C:\Program Files\Microsoft\jdk-11.0.12.7-hotspot\bin;C:\Program Files\Common Files\Oracle\Java\javapath;C:\Windows\system32;C:\Windows;C:\Windows\System32\Wbem;C:\Windows\System32\WindowsPowerShell\v1.0\;C:\Windows\System32\OpenSSH\;C:\Program Files\Java\jdk-17.0.4.1\bin;C:\Program Files\Microsoft SQL Server\150\Tools\Binn\;C:\Program Files\Microsoft SQL Server\Client SDK\ODBC\170\Tools\Binn\;C:\Program Files\dotnet\;C:\Program Files\Git\cmd;C:\apache-maven-3.8.6-bin\apache-maven-3.8.6\bin;C:\Python310\Scripts\;C:\Python310\;C:\Program Files\MySQL\MySQL Shell 8.0\bin\;C:\Users\ASUS\AppData\Local\Microsoft\WindowsApps;C:\Program Files\Java\jdk-18.0.2.1;C:\apache-maven-3.8.6-bin\apache-maven-3.8.6\bin;C:\Users\ASUS\AppData\Local\Programs\Microsoft VS Code\bin;C:\Users\ASUS\.dotnet\tools;;C:\Windows\system32;
USERNAME=ASUS
OS=Windows_NT
PROCESSOR_IDENTIFIER=Intel64 Family 6 Model 142 Stepping 9, GenuineIntel
TMP=C:\Users\ASUS\AppData\Local\Temp
TEMP=C:\Users\ASUS\AppData\Local\Temp



---------------  S Y S T E M  ---------------

OS:
 Windows 10 , 64 bit Build 19041 (10.0.19041.2546)
OS uptime: 4 days 22:14 hours

CPU: total 4 (initial active 4) (2 cores per cpu, 2 threads per core) family 6 model 142 stepping 9 microcode 0xb4, cx8, cmov, fxsr, ht, mmx, 3dnowpref, sse, sse2, sse3, ssse3, sse4.1, sse4.2, popcnt, lzcnt, tsc, tscinvbit, avx, avx2, aes, erms, clmul, bmi1, bmi2, adx, fma, vzeroupper, clflush, clflushopt

Memory: 4k page, system-wide physical 3978M (21M free)
TotalPageFile size 16266M (AvailPageFile size 3M)
current process WorkingSet (physical memory assigned to process): 176M, peak: 178M
current process commit charge ("private bytes"): 202M, peak: 217M

vm_info: OpenJDK 64-Bit Server VM (17.0.4+8) for windows-amd64 JRE (17.0.4+8), built on Jul 19 2022 16:05:16 by "temurin" with MS VC++ 16.7 (VS2019)

END.
